[debug] [2024-03-27T01:46:54.650Z] ----------------------------------------------------------------------
[debug] [2024-03-27T01:46:54.653Z] Command:       C:\Program Files\node.exe C:\Users\Brendon Pedro\AppData\Roaming\npm\node_modules\firebase-tools\lib\bin\firebase.js init
[debug] [2024-03-27T01:46:54.653Z] CLI Version:   13.5.2
[debug] [2024-03-27T01:46:54.653Z] Platform:      win32
[debug] [2024-03-27T01:46:54.653Z] Node Version:  v20.10.0
[debug] [2024-03-27T01:46:54.654Z] Time:          Wed Mar 27 2024 09:46:54 GMT+0800 (Taipei Standard Time)
[debug] [2024-03-27T01:46:54.654Z] ----------------------------------------------------------------------
[debug] 
[debug] [2024-03-27T01:46:54.657Z] >>> [apiv2][query] GET https://firebase-public.firebaseio.com/cli.json [none]
[debug] [2024-03-27T01:46:54.738Z] > command requires scopes: ["email","openid","https://www.googleapis.com/auth/cloudplatformprojects.readonly","https://www.googleapis.com/auth/firebase","https://www.googleapis.com/auth/cloud-platform"]
[debug] [2024-03-27T01:46:54.738Z] > authorizing via signed-in user (bnppedro@gmail.com)
[info] 
     ######## #### ########  ######## ########     ###     ######  ########
     ##        ##  ##     ## ##       ##     ##  ##   ##  ##       ##
     ######    ##  ########  ######   ########  #########  ######  ######
     ##        ##  ##    ##  ##       ##     ## ##     ##       ## ##
     ##       #### ##     ## ######## ########  ##     ##  ######  ########

You're about to initialize a Firebase project in this directory:

  C:\Users\Brendon Pedro\Desktop\CEMTA Project\Protoype Development\next-firebase\cemta-web-app

[debug] [2024-03-27T01:46:55.237Z] <<< [apiv2][status] GET https://firebase-public.firebaseio.com/cli.json 200
[debug] [2024-03-27T01:46:55.237Z] <<< [apiv2][body] GET https://firebase-public.firebaseio.com/cli.json {"cloudBuildErrorAfter":1594252800000,"cloudBuildWarnAfter":1590019200000,"defaultNode10After":1594252800000,"minVersion":"3.0.5","node8DeploysDisabledAfter":1613390400000,"node8RuntimeDisabledAfter":1615809600000,"node8WarnAfter":1600128000000}
